[INFO  - 2017-12-22T08:31:01.227Z] GhostDriver - Main - running on port 54794
[INFO  - 2017-12-22T08:31:01.293Z] Session [71260280-e6f2-11e7-938d-ff3801a9a295] - page.settings - {"XSSAuditingEnabled":false,"javascriptCanCloseWindows":true,"javascriptCanOpenWindows":true,"javascriptEnabled":true,"loadImages":true,"localToRemoteUrlAccessEnabled":false,"userAgent":"Mozilla/5.0 (Macintosh; Intel Mac OS X) AppleWebKit/538.1 (KHTML, like Gecko) PhantomJS/2.1.1 Safari/538.1","webSecurityEnabled":true}
[INFO  - 2017-12-22T08:31:01.293Z] Session [71260280-e6f2-11e7-938d-ff3801a9a295] - page.customHeaders:  - {}
[INFO  - 2017-12-22T08:31:01.293Z] Session [71260280-e6f2-11e7-938d-ff3801a9a295] - Session.negotiatedCapabilities - {"browserName":"phantomjs","version":"2.1.1","driverName":"ghostdriver","driverVersion":"1.2.0","platform":"mac-unknown-64bit","javascriptEnabled":true,"takesScreenshot":true,"handlesAlerts":false,"databaseEnabled":false,"locationContextEnabled":false,"applicationCacheEnabled":false,"browserConnectionEnabled":false,"cssSelectorsEnabled":true,"webStorageEnabled":false,"rotatable":false,"acceptSslCerts":false,"nativeEvents":true,"proxy":{"proxyType":"direct"}}
[INFO  - 2017-12-22T08:31:01.293Z] SessionManagerReqHand - _postNewSessionCommand - New Session Created: 71260280-e6f2-11e7-938d-ff3801a9a295
[ERROR - 2017-12-22T08:31:02.600Z] Session [71260280-e6f2-11e7-938d-ff3801a9a295] - page.onError - msg: ReferenceError: Can't find variable: _satellite

  phantomjs://platform/console++.js:263 in error
[ERROR - 2017-12-22T08:31:02.600Z] Session [71260280-e6f2-11e7-938d-ff3801a9a295] - page.onError - stack:
  global code (https://stats.nba.com/player/203518/:1215)

  phantomjs://platform/console++.js:263 in error
[ERROR - 2017-12-22T08:31:03.994Z] Session [71260280-e6f2-11e7-938d-ff3801a9a295] - page.onError - msg: TypeError: undefined is not a constructor (evaluating 'adUnit.startsWith(siteAdUnit)')

  phantomjs://platform/console++.js:263 in error
[ERROR - 2017-12-22T08:31:03.994Z] Session [71260280-e6f2-11e7-938d-ff3801a9a295] - page.onError - stack:
  postQueueCallback (https://s.cdn.turner.com/ads/adfuel/ais/nba2-ais.js:4901)
  (anonymous function) (https://s.cdn.turner.com/ads/nba2/adfuel.js:628)
  (anonymous function) (https://s.cdn.turner.com/ads/nba2/adfuel.js:448)
  (anonymous function) (https://s.cdn.turner.com/ads/nba2/adfuel.js:173)
  eachOf (https://s.cdn.turner.com/ads/nba2/adfuel.js:272)
  L (https://s.cdn.turner.com/ads/nba2/adfuel.js:173)
  parallel (https://s.cdn.turner.com/ads/nba2/adfuel.js:366)
  parallelWithTimeout (https://s.cdn.turner.com/ads/nba2/adfuel.js:479)
  (anonymous function) (https://s.cdn.turner.com/ads/nba2/adfuel.js:638)
  (anonymous function) (https://s.cdn.turner.com/ads/nba2/adfuel.js:465)

  phantomjs://platform/console++.js:263 in error
